2021-05-07 13:23:10,459 — app — INFO — /app/app.py - app - 
                    delete_idle_pod_k8_resources : 315 — inside delete_idle_pod_k8_resources
2021-05-07 13:23:17,051 — app — INFO — /app/resources/git_operations.py - git_operations - 
                    get : 134 — health of flask service - knights-watch
2021-05-07 13:23:17,053 — app — INFO — /app/app.py - app - 
                    process_default : 213 — Inside event in modify
2021-05-07 13:23:17,055 — app — INFO — /app/app.py - app - 
                    process_default : 214 — Event name e.log
2021-05-07 13:23:17,055 — app — INFO — /app/app.py - app - 
                    process_default : 216 — /notebooks/mosaic-sidecar-flask-service.log
2021-05-07 13:23:17,055 — app — INFO — /app/app.py - app - 
                    process_default : 217 — value of name mosaic-sidecar-flask-service.log
2021-05-07 13:23:17,056 — app — INFO — /app/app.py - app - 
                    process_default : 219 — auto-commit enabled
2021-05-07 13:23:17,056 — app — INFO — /app/app.py - app - 
                    process_default : 223 — cd /git/; cp -r '/notebooks/mosaic-sidecar-flask-service.log' '/git/mosaic-sidecar-flask-service.log'; git add .; git commit -m 'auto save by knights-watch';
2021-05-07 13:23:17,451 — app — INFO — /app/resources/git_operations.py - git_operations - 
                    get : 35 — Auto Commit
2021-05-07 13:23:17,752 — app — INFO — /app/app.py - app - 
                    process_default : 228 — cd /git/; git fetch origin; git rebase origin/master;
2021-05-07 13:23:19,250 — app — INFO — /app/app.py - app - 
                    process_default : 231 — rebase successful
2021-05-07 13:23:22,054 — app — INFO — /app/app.py - app - 
                    process_default : 213 — Inside event in modify
2021-05-07 13:23:22,055 — app — INFO — /app/app.py - app - 
                    process_default : 214 — Event name e.log
2021-05-07 13:23:22,056 — app — INFO — /app/app.py - app - 
                    process_default : 216 — /notebooks/mosaic-sidecar-flask-service.log
2021-05-07 13:23:22,148 — app — INFO — /app/app.py - app - 
                    process_default : 217 — value of name mosaic-sidecar-flask-service.log
2021-05-07 13:23:22,149 — app — INFO — /app/app.py - app - 
                    process_default : 219 — auto-commit enabled
2021-05-07 13:23:22,149 — app — INFO — /app/app.py - app - 
                    process_default : 223 — cd /git/; cp -r '/notebooks/mosaic-sidecar-flask-service.log' '/git/mosaic-sidecar-flask-service.log'; git add .; git commit -m 'auto save by knights-watch';
2021-05-07 13:23:22,653 — app — INFO — /app/app.py - app - 
                    process_default : 228 — cd /git/; git fetch origin; git rebase origin/master;
2021-05-07 13:23:24,054 — app — INFO — /app/app.py - app - 
                    process_default : 231 — rebase successful
2021-05-07 13:23:26,954 — app — INFO — /app/app.py - app - 
                    process_default : 213 — Inside event in modify
2021-05-07 13:23:26,955 — app — INFO — /app/app.py - app - 
                    process_default : 214 — Event name e.log
2021-05-07 13:23:26,955 — app — INFO — /app/app.py - app - 
                    process_default : 216 — /notebooks/mosaic-sidecar-flask-service.log
2021-05-07 13:23:27,048 — app — INFO — /app/app.py - app - 
                    process_default : 217 — value of name mosaic-sidecar-flask-service.log
2021-05-07 13:23:27,049 — app — INFO — /app/app.py - app - 
                    process_default : 219 — auto-commit enabled
2021-05-07 13:23:27,049 — app — INFO — /app/app.py - app - 
                    process_default : 223 — cd /git/; cp -r '/notebooks/mosaic-sidecar-flask-service.log' '/git/mosaic-sidecar-flask-service.log'; git add .; git commit -m 'auto save by knights-watch';
2021-05-07 13:23:27,353 — app — INFO — /app/app.py - app - 
                    process_default : 228 — cd /git/; git fetch origin; git rebase origin/master;
2021-05-07 13:23:28,552 — app — INFO — /app/app.py - app - 
                    process_default : 231 — rebase successful
2021-05-07 13:23:31,554 — app — INFO — /app/app.py - app - 
                    process_default : 213 — Inside event in modify
2021-05-07 13:23:31,556 — app — INFO — /app/app.py - app - 
                    process_default : 214 — Event name e.log
2021-05-07 13:23:31,556 — app — INFO — /app/app.py - app - 
                    process_default : 216 — /notebooks/mosaic-sidecar-flask-service.log
2021-05-07 13:23:31,556 — app — INFO — /app/app.py - app - 
                    process_default : 217 — value of name mosaic-sidecar-flask-service.log
2021-05-07 13:23:31,557 — app — INFO — /app/app.py - app - 
                    process_default : 219 — auto-commit enabled
2021-05-07 13:23:31,557 — app — INFO — /app/app.py - app - 
                    process_default : 223 — cd /git/; cp -r '/notebooks/mosaic-sidecar-flask-service.log' '/git/mosaic-sidecar-flask-service.log'; git add .; git commit -m 'auto save by knights-watch';
